# Logfile created on 2019-06-10 10:49:52 +0300 by logger.rb/66358
D, [2010-01-01T15:00:00.000000 #28534] DEBUG -- :   [1m[35m (14.5ms)[0m  [1m[34mSELECT kcu.column_name
FROM INFORMATION_SCHEMA.TABLES t
LEFT JOIN INFORMATION_SCHEMA.TABLE_CONSTRAINTS tc
  ON tc.table_catalog = t.table_catalog
  AND tc.table_schema = t.table_schema
  AND tc.table_name = t.table_name
  AND tc.constraint_type = 'PRIMARY KEY'
LEFT JOIN INFORMATION_SCHEMA.KEY_COLUMN_USAGE kcu
  ON kcu.table_catalog = tc.table_catalog
  AND kcu.table_schema = tc.table_schema
  AND kcu.table_name = tc.table_name
  AND kcu.constraint_name = tc.constraint_name
WHERE
  t.table_schema NOT IN ('pg_catalog', 'information_schema')
  AND t.table_schema = 'public'
  AND t.table_name = 'players'
ORDER BY
  kcu.ordinal_position
[0m
D, [2010-01-01T15:00:00.000000 #28534] DEBUG -- :   [1m[35m (3.4ms)[0m  [1m[34mSELECT kcu.column_name
FROM INFORMATION_SCHEMA.TABLES t
LEFT JOIN INFORMATION_SCHEMA.TABLE_CONSTRAINTS tc
  ON tc.table_catalog = t.table_catalog
  AND tc.table_schema = t.table_schema
  AND tc.table_name = t.table_name
  AND tc.constraint_type = 'PRIMARY KEY'
LEFT JOIN INFORMATION_SCHEMA.KEY_COLUMN_USAGE kcu
  ON kcu.table_catalog = tc.table_catalog
  AND kcu.table_schema = tc.table_schema
  AND kcu.table_name = tc.table_name
  AND kcu.constraint_name = tc.constraint_name
WHERE
  t.table_schema NOT IN ('pg_catalog', 'information_schema')
  AND t.table_schema = 'public'
  AND t.table_name = 'clients'
ORDER BY
  kcu.ordinal_position
[0m
D, [2010-01-01T15:00:00.000000 #28534] DEBUG -- :   [1m[35m (0.2ms)[0m  [1m[35mBEGIN[0m
D, [2010-01-01T15:00:00.000000 #28534] DEBUG -- :   [1m[36m Load (1.0ms)[0m  [1m[34mSELECT  "clients".* FROM "clients" WHERE "clients"."ext_id" = $1 AND "clients"."ext_project_id" = $2 LIMIT $3 FOR NO KEY UPDATE[0m  [["ext_id", 1], ["ext_project_id", 1], ["LIMIT", 1]]
D, [2010-01-01T15:00:00.000000 #28534] DEBUG -- :   [1m[35m (5.8ms)[0m  [1m[35mCOMMIT[0m
D, [2010-01-01T15:00:00.000000 #28534] DEBUG -- :   [1m[35m (0.2ms)[0m  [1m[35mBEGIN[0m
D, [2010-01-01T15:00:00.000000 #28534] DEBUG -- :   [1m[36m Load (0.5ms)[0m  [1m[34mSELECT  "clients".* FROM "clients" WHERE "clients"."ext_id" = $1 AND "clients"."ext_project_id" = $2 LIMIT $3 FOR NO KEY UPDATE[0m  [["ext_id", 1], ["ext_project_id", 1], ["LIMIT", 1]]
D, [2010-01-01T15:00:00.000000 #28534] DEBUG -- :   [1m[35m (0.7ms)[0m  [1m[35mCOMMIT[0m
D, [2010-01-01T15:00:00.000000 #28534] DEBUG -- :   [1m[35m (0.5ms)[0m  [1m[35mBEGIN[0m
D, [2010-01-01T15:00:00.000000 #28534] DEBUG -- :   [1m[36m Load (0.4ms)[0m  [1m[34mSELECT  "clients".* FROM "clients" WHERE "clients"."ext_id" = $1 AND "clients"."ext_project_id" = $2 LIMIT $3 FOR NO KEY UPDATE[0m  [["ext_id", 1], ["ext_project_id", 1], ["LIMIT", 1]]
D, [2010-01-01T15:00:00.000000 #28534] DEBUG -- :   [1m[36m Load (0.3ms)[0m  [1m[34mSELECT  "clients".* FROM "clients" WHERE "clients"."ext_id" = $1 AND "clients"."ext_project_id" = $2 LIMIT $3 FOR NO KEY UPDATE[0m  [["ext_id", 2], ["ext_project_id", 1], ["LIMIT", 1]]
D, [2010-01-01T15:00:00.000000 #28534] DEBUG -- :   [1m[35m (1.8ms)[0m  [1m[35mCOMMIT[0m
D, [2019-01-01T03:00:00.000000 #28534] DEBUG -- :   [1m[35m (0.6ms)[0m  [1m[35mBEGIN[0m
D, [2019-01-01T03:00:00.000000 #28534] DEBUG -- :   [1m[36m Load (0.8ms)[0m  [1m[34mSELECT  "users".* FROM "users" WHERE "users"."ext_id" = $1 AND "users"."ext_project_id" = $2 LIMIT $3 FOR NO KEY UPDATE[0m  [["ext_id", 222], ["ext_project_id", 333], ["LIMIT", 1]]
D, [2019-01-01T03:00:00.000000 #28534] DEBUG -- :   [1m[35m (1.5ms)[0m  [1m[35mCOMMIT[0m
D, [2019-02-04T04:56:00.000000 #30532] DEBUG -- :   [1m[35m (5.7ms)[0m  [1m[34mSELECT kcu.column_name
FROM INFORMATION_SCHEMA.TABLES t
LEFT JOIN INFORMATION_SCHEMA.TABLE_CONSTRAINTS tc
  ON tc.table_catalog = t.table_catalog
  AND tc.table_schema = t.table_schema
  AND tc.table_name = t.table_name
  AND tc.constraint_type = 'PRIMARY KEY'
LEFT JOIN INFORMATION_SCHEMA.KEY_COLUMN_USAGE kcu
  ON kcu.table_catalog = tc.table_catalog
  AND kcu.table_schema = tc.table_schema
  AND kcu.table_name = tc.table_name
  AND kcu.constraint_name = tc.constraint_name
WHERE
  t.table_schema NOT IN ('pg_catalog', 'information_schema')
  AND t.table_schema = 'public'
  AND t.table_name = 'players'
ORDER BY
  kcu.ordinal_position
[0m
D, [2019-02-04T04:56:00.000000 #30532] DEBUG -- :   [1m[35m (2.5ms)[0m  [1m[34mSELECT kcu.column_name
FROM INFORMATION_SCHEMA.TABLES t
LEFT JOIN INFORMATION_SCHEMA.TABLE_CONSTRAINTS tc
  ON tc.table_catalog = t.table_catalog
  AND tc.table_schema = t.table_schema
  AND tc.table_name = t.table_name
  AND tc.constraint_type = 'PRIMARY KEY'
LEFT JOIN INFORMATION_SCHEMA.KEY_COLUMN_USAGE kcu
  ON kcu.table_catalog = tc.table_catalog
  AND kcu.table_schema = tc.table_schema
  AND kcu.table_name = tc.table_name
  AND kcu.constraint_name = tc.constraint_name
WHERE
  t.table_schema NOT IN ('pg_catalog', 'information_schema')
  AND t.table_schema = 'public'
  AND t.table_name = 'clients'
ORDER BY
  kcu.ordinal_position
[0m
D, [2019-02-04T04:56:00.000000 #30532] DEBUG -- :   [1m[35m (0.1ms)[0m  [1m[35mBEGIN[0m
D, [2019-02-04T04:56:00.000000 #30532] DEBUG -- :   [1m[36m Load (0.5ms)[0m  [1m[34mSELECT  "clients".* FROM "clients" WHERE "clients"."ext_id" = $1 AND "clients"."ext_project_id" = $2 LIMIT $3 FOR NO KEY UPDATE[0m  [["ext_id", 1], ["ext_project_id", 1], ["LIMIT", 1]]
D, [2019-02-04T04:56:00.000000 #30532] DEBUG -- :   [1m[35m (0.7ms)[0m  [1m[35mCOMMIT[0m
D, [2019-02-04T04:56:00.000000 #30532] DEBUG -- :   [1m[35m (0.1ms)[0m  [1m[35mBEGIN[0m
D, [2019-02-04T04:56:00.000000 #30532] DEBUG -- :   [1m[36m Load (0.3ms)[0m  [1m[34mSELECT  "clients".* FROM "clients" WHERE "clients"."ext_id" = $1 AND "clients"."ext_project_id" = $2 LIMIT $3 FOR NO KEY UPDATE[0m  [["ext_id", 1], ["ext_project_id", 1], ["LIMIT", 1]]
D, [2019-02-04T04:56:00.000000 #30532] DEBUG -- :   [1m[35m (0.4ms)[0m  [1m[35mCOMMIT[0m
D, [2019-01-01T03:00:00.000000 #30532] DEBUG -- :   [1m[35m (0.1ms)[0m  [1m[35mBEGIN[0m
D, [2019-01-01T03:00:00.000000 #30532] DEBUG -- :   [1m[36m Load (0.4ms)[0m  [1m[34mSELECT  "users".* FROM "users" WHERE "users"."ext_id" = $1 AND "users"."ext_project_id" = $2 LIMIT $3 FOR NO KEY UPDATE[0m  [["ext_id", 222], ["ext_project_id", 333], ["LIMIT", 1]]
D, [2019-01-01T03:00:00.000000 #30532] DEBUG -- :   [1m[35m (0.4ms)[0m  [1m[35mCOMMIT[0m
D, [2019-01-01T03:00:00.000000 #30532] DEBUG -- :   [1m[35m (0.1ms)[0m  [1m[35mBEGIN[0m
D, [2019-01-01T03:00:00.000000 #30532] DEBUG -- :   [1m[36m Load (0.3ms)[0m  [1m[34mSELECT  "clients".* FROM "clients" WHERE "clients"."ext_id" = $1 AND "clients"."ext_project_id" = $2 LIMIT $3 FOR NO KEY UPDATE[0m  [["ext_id", 1], ["ext_project_id", 1], ["LIMIT", 1]]
D, [2019-01-01T03:00:00.000000 #30532] DEBUG -- :   [1m[36m Load (0.3ms)[0m  [1m[34mSELECT  "clients".* FROM "clients" WHERE "clients"."ext_id" = $1 AND "clients"."ext_project_id" = $2 LIMIT $3 FOR NO KEY UPDATE[0m  [["ext_id", 2], ["ext_project_id", 1], ["LIMIT", 1]]
D, [2019-01-01T03:00:00.000000 #30532] DEBUG -- :   [1m[35m (0.8ms)[0m  [1m[35mCOMMIT[0m
D, [2019-02-04T04:56:00.000000 #35371] DEBUG -- :   [1m[35m (6.2ms)[0m  [1m[34mSELECT kcu.column_name
FROM INFORMATION_SCHEMA.TABLES t
LEFT JOIN INFORMATION_SCHEMA.TABLE_CONSTRAINTS tc
  ON tc.table_catalog = t.table_catalog
  AND tc.table_schema = t.table_schema
  AND tc.table_name = t.table_name
  AND tc.constraint_type = 'PRIMARY KEY'
LEFT JOIN INFORMATION_SCHEMA.KEY_COLUMN_USAGE kcu
  ON kcu.table_catalog = tc.table_catalog
  AND kcu.table_schema = tc.table_schema
  AND kcu.table_name = tc.table_name
  AND kcu.constraint_name = tc.constraint_name
WHERE
  t.table_schema NOT IN ('pg_catalog', 'information_schema')
  AND t.table_schema = 'public'
  AND t.table_name = 'players'
ORDER BY
  kcu.ordinal_position
[0m
D, [2019-02-04T04:56:00.000000 #35371] DEBUG -- :   [1m[35m (2.8ms)[0m  [1m[34mSELECT kcu.column_name
FROM INFORMATION_SCHEMA.TABLES t
LEFT JOIN INFORMATION_SCHEMA.TABLE_CONSTRAINTS tc
  ON tc.table_catalog = t.table_catalog
  AND tc.table_schema = t.table_schema
  AND tc.table_name = t.table_name
  AND tc.constraint_type = 'PRIMARY KEY'
LEFT JOIN INFORMATION_SCHEMA.KEY_COLUMN_USAGE kcu
  ON kcu.table_catalog = tc.table_catalog
  AND kcu.table_schema = tc.table_schema
  AND kcu.table_name = tc.table_name
  AND kcu.constraint_name = tc.constraint_name
WHERE
  t.table_schema NOT IN ('pg_catalog', 'information_schema')
  AND t.table_schema = 'public'
  AND t.table_name = 'clients'
ORDER BY
  kcu.ordinal_position
[0m
D, [2019-02-04T04:56:00.000000 #35371] DEBUG -- :   [1m[35m (0.1ms)[0m  [1m[35mBEGIN[0m
D, [2019-02-04T04:56:00.000000 #35371] DEBUG -- :   [1m[36m Load (0.6ms)[0m  [1m[34mSELECT  "clients".* FROM "clients" WHERE "clients"."ext_id" = $1 AND "clients"."ext_project_id" = $2 LIMIT $3 FOR NO KEY UPDATE[0m  [["ext_id", 1], ["ext_project_id", 1], ["LIMIT", 1]]
D, [2019-02-04T04:56:00.000000 #35371] DEBUG -- :   [1m[35m (1.1ms)[0m  [1m[35mCOMMIT[0m
D, [2019-02-04T04:56:00.000000 #35371] DEBUG -- :   [1m[35m (0.1ms)[0m  [1m[35mBEGIN[0m
D, [2019-02-04T04:56:00.000000 #35371] DEBUG -- :   [1m[36m Load (0.3ms)[0m  [1m[34mSELECT  "clients".* FROM "clients" WHERE "clients"."ext_id" = $1 AND "clients"."ext_project_id" = $2 LIMIT $3 FOR NO KEY UPDATE[0m  [["ext_id", 1], ["ext_project_id", 1], ["LIMIT", 1]]
D, [2019-02-04T04:56:00.000000 #35371] DEBUG -- :   [1m[35m (0.6ms)[0m  [1m[35mCOMMIT[0m
D, [2019-01-01T03:00:00.000000 #35371] DEBUG -- :   [1m[35m (0.2ms)[0m  [1m[35mBEGIN[0m
D, [2019-01-01T03:00:00.000000 #35371] DEBUG -- :   [1m[36m Load (0.5ms)[0m  [1m[34mSELECT  "users".* FROM "users" WHERE "users"."ext_id" = $1 AND "users"."ext_project_id" = $2 LIMIT $3 FOR NO KEY UPDATE[0m  [["ext_id", 222], ["ext_project_id", 333], ["LIMIT", 1]]
D, [2019-01-01T03:00:00.000000 #35371] DEBUG -- :   [1m[35m (0.5ms)[0m  [1m[35mCOMMIT[0m
D, [2019-01-01T03:00:00.000000 #35371] DEBUG -- :   [1m[35m (0.2ms)[0m  [1m[35mBEGIN[0m
D, [2019-01-01T03:00:00.000000 #35371] DEBUG -- :   [1m[36m Load (0.3ms)[0m  [1m[34mSELECT  "clients".* FROM "clients" WHERE "clients"."ext_id" = $1 AND "clients"."ext_project_id" = $2 LIMIT $3 FOR NO KEY UPDATE[0m  [["ext_id", 1], ["ext_project_id", 1], ["LIMIT", 1]]
D, [2019-01-01T03:00:00.000000 #35371] DEBUG -- :   [1m[36m Load (0.8ms)[0m  [1m[34mSELECT  "clients".* FROM "clients" WHERE "clients"."ext_id" = $1 AND "clients"."ext_project_id" = $2 LIMIT $3 FOR NO KEY UPDATE[0m  [["ext_id", 2], ["ext_project_id", 1], ["LIMIT", 1]]
D, [2019-01-01T03:00:00.000000 #35371] DEBUG -- :   [1m[35m (0.7ms)[0m  [1m[35mCOMMIT[0m
D, [2010-01-01T15:00:00.000000 #36159] DEBUG -- :   [1m[35m (12.9ms)[0m  [1m[34mSELECT kcu.column_name
FROM INFORMATION_SCHEMA.TABLES t
LEFT JOIN INFORMATION_SCHEMA.TABLE_CONSTRAINTS tc
  ON tc.table_catalog = t.table_catalog
  AND tc.table_schema = t.table_schema
  AND tc.table_name = t.table_name
  AND tc.constraint_type = 'PRIMARY KEY'
LEFT JOIN INFORMATION_SCHEMA.KEY_COLUMN_USAGE kcu
  ON kcu.table_catalog = tc.table_catalog
  AND kcu.table_schema = tc.table_schema
  AND kcu.table_name = tc.table_name
  AND kcu.constraint_name = tc.constraint_name
WHERE
  t.table_schema NOT IN ('pg_catalog', 'information_schema')
  AND t.table_schema = 'public'
  AND t.table_name = 'players'
ORDER BY
  kcu.ordinal_position
[0m
D, [2010-01-01T15:00:00.000000 #36159] DEBUG -- :   [1m[35m (6.6ms)[0m  [1m[34mSELECT kcu.column_name
FROM INFORMATION_SCHEMA.TABLES t
LEFT JOIN INFORMATION_SCHEMA.TABLE_CONSTRAINTS tc
  ON tc.table_catalog = t.table_catalog
  AND tc.table_schema = t.table_schema
  AND tc.table_name = t.table_name
  AND tc.constraint_type = 'PRIMARY KEY'
LEFT JOIN INFORMATION_SCHEMA.KEY_COLUMN_USAGE kcu
  ON kcu.table_catalog = tc.table_catalog
  AND kcu.table_schema = tc.table_schema
  AND kcu.table_name = tc.table_name
  AND kcu.constraint_name = tc.constraint_name
WHERE
  t.table_schema NOT IN ('pg_catalog', 'information_schema')
  AND t.table_schema = 'public'
  AND t.table_name = 'clients'
ORDER BY
  kcu.ordinal_position
[0m
D, [2010-01-01T15:00:00.000000 #36159] DEBUG -- :   [1m[35m (0.2ms)[0m  [1m[35mBEGIN[0m
D, [2010-01-01T15:00:00.000000 #36159] DEBUG -- :   [1m[36m Load (0.6ms)[0m  [1m[37mSELECT  "clients".* FROM "clients" WHERE "clients"."client_id" = $1 AND "clients"."project_id" = $2 LIMIT $3 FOR UPDATE[0m  [["client_id", 111], ["project_id", 111], ["LIMIT", 1]]
D, [2010-01-01T15:00:00.000000 #36159] DEBUG -- :   [1m[36m#<Class:0x00007f89d7a0db98> Destroy (1.0ms)[0m  [1m[31mDELETE FROM "clients" WHERE "clients"."" IS NULL[0m
D, [2010-01-01T15:00:00.000000 #36159] DEBUG -- :   [1m[35m (0.7ms)[0m  [1m[31mROLLBACK[0m
D, [2010-01-01T15:00:00.000000 #36159] DEBUG -- :   [1m[35m (0.5ms)[0m  [1m[35mBEGIN[0m
D, [2010-01-01T15:00:00.000000 #36159] DEBUG -- :   [1m[36m Load (0.7ms)[0m  [1m[37mSELECT  "players".* FROM "players" WHERE "players"."external_id" = $1 AND "players"."project_id" = $2 LIMIT $3 FOR UPDATE[0m  [["external_id", 222], ["project_id", "pid2"], ["LIMIT", 1]]
D, [2010-01-01T15:00:00.000000 #36159] DEBUG -- :   [1m[36m#<Class:0x00007f89d6c82910> Destroy (0.6ms)[0m  [1m[31mDELETE FROM "players" WHERE "players"."external_id" = $1[0m  [["external_id", 222]]
D, [2010-01-01T15:00:00.000000 #36159] DEBUG -- :   [1m[35m (0.6ms)[0m  [1m[35mCOMMIT[0m
D, [2010-01-01T15:00:00.000000 #36159] DEBUG -- :   [1m[35m (0.5ms)[0m  [1m[35mBEGIN[0m
D, [2010-01-01T15:00:00.000000 #36159] DEBUG -- :   [1m[36m Load (0.5ms)[0m  [1m[37mSELECT  "items".* FROM "items" WHERE "items"."id" = $1 LIMIT $2 FOR UPDATE[0m  [["id", 1], ["LIMIT", 1]]
D, [2010-01-01T15:00:00.000000 #36159] DEBUG -- :   [1m[36m#<Class:0x00007f89d7adfe40> Destroy (0.3ms)[0m  [1m[31mDELETE FROM "items" WHERE "items"."id" = $1[0m  [["id", 1]]
D, [2010-01-01T15:00:00.000000 #36159] DEBUG -- :   [1m[35m (0.2ms)[0m  [1m[31mROLLBACK[0m
D, [2010-01-01T15:00:00.000000 #36159] DEBUG -- :   [1m[35m (0.1ms)[0m  [1m[35mBEGIN[0m
D, [2010-01-01T15:00:00.000000 #36159] DEBUG -- :   [1m[36m Load (0.5ms)[0m  [1m[37mSELECT  "items".* FROM "items" WHERE "items"."id" = $1 LIMIT $2 FOR UPDATE[0m  [["id", 1], ["LIMIT", 1]]
D, [2010-01-01T15:00:00.000000 #36159] DEBUG -- :   [1m[36m#<Class:0x00007f89d833d4c0> Destroy (0.3ms)[0m  [1m[31mDELETE FROM "items" WHERE "items"."id" = $1[0m  [["id", 1]]
D, [2010-01-01T15:00:00.000000 #36159] DEBUG -- :   [1m[35m (0.4ms)[0m  [1m[35mCOMMIT[0m
D, [2010-01-01T15:00:00.000000 #36159] DEBUG -- :   [1m[35m (0.2ms)[0m  [1m[35mBEGIN[0m
D, [2010-01-01T15:00:00.000000 #36159] DEBUG -- :   [1m[36m Load (0.7ms)[0m  [1m[34mSELECT  "clients".* FROM "clients" WHERE "clients"."ext_id" = $1 AND "clients"."ext_project_id" = $2 LIMIT $3 FOR NO KEY UPDATE[0m  [["ext_id", 1], ["ext_project_id", 1], ["LIMIT", 1]]
D, [2010-01-01T15:00:00.000000 #36159] DEBUG -- :   [1m[36m#<Class:0x00007f89d83487d0> Create (1.2ms)[0m  [1m[32mINSERT INTO "clients" ("name", "ext_id", "ext_project_id", "ts_version", "ts_rest") VALUES ($1, $2, $3, $4, $5)[0m  [["name", "test"], ["ext_id", 1], ["ext_project_id", 1], ["ts_version", "1.0"], ["ts_rest", "{\"a\":1}"]]
D, [2010-01-01T15:00:00.000000 #36159] DEBUG -- :   [1m[35m (0.1ms)[0m  [1m[31mROLLBACK[0m
D, [2010-01-01T15:00:00.000000 #36159] DEBUG -- :   [1m[35m (0.2ms)[0m  [1m[35mBEGIN[0m
D, [2010-01-01T15:00:00.000000 #36159] DEBUG -- :   [1m[36m Load (0.5ms)[0m  [1m[34mSELECT  "clients".* FROM "clients" WHERE "clients"."ext_id" = $1 AND "clients"."ext_project_id" = $2 LIMIT $3 FOR NO KEY UPDATE[0m  [["ext_id", 1], ["ext_project_id", 1], ["LIMIT", 1]]
D, [2010-01-01T15:00:00.000000 #36159] DEBUG -- :   [1m[36m#<Class:0x00007f89d7b3b9e8> Create (0.6ms)[0m  [1m[32mINSERT INTO "clients" ("client_id", "project_id", "name", "ext_id", "ext_project_id", "ts_version", "ts_rest") VALUES ($1, $2, $3, $4, $5, $6, $7)[0m  [["client_id", 1], ["project_id", 1], ["name", "test"], ["ext_id", 1], ["ext_project_id", 1], ["ts_version", "1.0"], ["ts_rest", "{\"a\":1}"]]
D, [2010-01-01T15:00:00.000000 #36159] DEBUG -- :   [1m[35m (0.5ms)[0m  [1m[35mCOMMIT[0m
D, [2010-01-01T15:00:00.000000 #36159] DEBUG -- :   [1m[35m (0.3ms)[0m  [1m[35mBEGIN[0m
D, [2010-01-01T15:00:00.000000 #36159] DEBUG -- :   [1m[36m Load (1.1ms)[0m  [1m[34mSELECT  "users".* FROM "users" WHERE "users"."ext_id" = $1 AND "users"."ext_project_id" = $2 LIMIT $3 FOR NO KEY UPDATE[0m  [["ext_id", 222], ["ext_project_id", 333], ["LIMIT", 1]]
D, [2010-01-01T15:00:00.000000 #36159] DEBUG -- :   [1m[35m (0.7ms)[0m  [1m[35mCOMMIT[0m
D, [2010-01-01T15:00:00.000000 #36159] DEBUG -- :   [1m[35m (0.3ms)[0m  [1m[35mBEGIN[0m
D, [2010-01-01T15:00:00.000000 #36159] DEBUG -- :   [1m[36m Load (0.6ms)[0m  [1m[34mSELECT  "users".* FROM "users" WHERE "users"."ext_id" = $1 AND "users"."ext_project_id" = $2 LIMIT $3 FOR NO KEY UPDATE[0m  [["ext_id", 222], ["ext_project_id", 333], ["LIMIT", 1]]
D, [2010-01-01T15:00:00.000000 #36159] DEBUG -- :   [1m[36m#<Class:0x00007f89d72931d8> Update (0.4ms)[0m  [1m[33mUPDATE "users" SET "version" = $1, "name" = $2 WHERE "users"."id" = $3[0m  [["version", "124.0"], ["name", "test3"], ["id", 222]]
D, [2010-01-01T15:00:00.000000 #36159] DEBUG -- :   [1m[35m (0.6ms)[0m  [1m[35mCOMMIT[0m
D, [2010-01-01T15:00:00.000000 #36159] DEBUG -- :   [1m[35m (0.2ms)[0m  [1m[35mBEGIN[0m
D, [2010-01-01T15:00:00.000000 #36159] DEBUG -- :   [1m[36m Load (0.5ms)[0m  [1m[34mSELECT  "users".* FROM "users" WHERE "users"."id" = $1 LIMIT $2 FOR NO KEY UPDATE[0m  [["id", 222], ["LIMIT", 1]]
D, [2010-01-01T15:00:00.000000 #36159] DEBUG -- :   [1m[36m#<Class:0x00007f89d8256480> Update (0.6ms)[0m  [1m[33mUPDATE "users" SET "version" = $1, "name" = $2 WHERE "users"."id" = $3[0m  [["version", "124.0"], ["name", "test3"], ["id", 222]]
D, [2010-01-01T15:00:00.000000 #36159] DEBUG -- :   [1m[35m (0.7ms)[0m  [1m[35mCOMMIT[0m
D, [2010-01-01T15:00:00.000000 #36159] DEBUG -- :   [1m[35m (0.2ms)[0m  [1m[35mBEGIN[0m
D, [2010-01-01T15:00:00.000000 #36159] DEBUG -- :   [1m[36m Load (0.5ms)[0m  [1m[34mSELECT  "users".* FROM "users" WHERE "users"."ext_id" = $1 AND "users"."ext_project_id" = $2 LIMIT $3 FOR NO KEY UPDATE[0m  [["ext_id", 222], ["ext_project_id", 222], ["LIMIT", 1]]
D, [2010-01-01T15:00:00.000000 #36159] DEBUG -- :   [1m[36m#<Class:0x00007f89d6c88ce8> Create (0.4ms)[0m  [1m[32mINSERT INTO "users" ("id", "name", "email", "ext_id", "ext_project_id", "version") VALUES ($1, $2, $3, $4, $5, $6) RETURNING "id"[0m  [["id", 1], ["name", "test2"], ["email", "mail3"], ["ext_id", 222], ["ext_project_id", 222], ["version", "124.0"]]
D, [2010-01-01T15:00:00.000000 #36159] DEBUG -- :   [1m[36m Load (0.3ms)[0m  [1m[34mSELECT  "users".* FROM "users" WHERE "users"."ext_id" = $1 AND "users"."ext_project_id" = $2 LIMIT $3 FOR NO KEY UPDATE[0m  [["ext_id", 223], ["ext_project_id", 222], ["LIMIT", 1]]
D, [2010-01-01T15:00:00.000000 #36159] DEBUG -- :   [1m[36m#<Class:0x00007f89d6c88ce8> Create (0.4ms)[0m  [1m[32mINSERT INTO "users" ("id", "name", "email", "ext_id", "ext_project_id", "version") VALUES ($1, $2, $3, $4, $5, $6) RETURNING "id"[0m  [["id", 2], ["name", "test3"], ["email", "mail3"], ["ext_id", 223], ["ext_project_id", 222], ["version", "124.0"]]
D, [2010-01-01T15:00:00.000000 #36159] DEBUG -- :   [1m[35m (0.8ms)[0m  [1m[35mCOMMIT[0m
D, [2019-01-01T03:00:00.000000 #36159] DEBUG -- :   [1m[35m (0.3ms)[0m  [1m[35mBEGIN[0m
D, [2019-01-01T03:00:00.000000 #36159] DEBUG -- :   [1m[36m Load (0.5ms)[0m  [1m[34mSELECT  "users".* FROM "users" WHERE "users"."ext_id" = $1 AND "users"."ext_project_id" = $2 LIMIT $3 FOR NO KEY UPDATE[0m  [["ext_id", 222], ["ext_project_id", 333], ["LIMIT", 1]]
D, [2019-01-01T03:00:00.000000 #36159] DEBUG -- :   [1m[36m#<Class:0x00007f89d7a16590> Create (0.6ms)[0m  [1m[32mINSERT INTO "users" ("id", "name", "email", "ext_id", "ext_project_id", "version", "first_sync_time") VALUES ($1, $2, $3, $4, $5, $6, $7) RETURNING "id"[0m  [["id", 1], ["name", "test3"], ["email", "mail3"], ["ext_id", 222], ["ext_project_id", 333], ["version", "124.0"], ["first_sync_time", "2019-01-01 00:00:00"]]
D, [2019-01-01T03:00:00.000000 #36159] DEBUG -- :   [1m[35m (0.7ms)[0m  [1m[35mCOMMIT[0m
D, [2019-02-04T04:56:00.000000 #36159] DEBUG -- :   [1m[35m (0.1ms)[0m  [1m[35mBEGIN[0m
D, [2019-02-04T04:56:00.000000 #36159] DEBUG -- :   [1m[36m Load (0.6ms)[0m  [1m[34mSELECT  "clients".* FROM "clients" WHERE "clients"."ext_id" = $1 AND "clients"."ext_project_id" = $2 LIMIT $3 FOR NO KEY UPDATE[0m  [["ext_id", 222], ["ext_project_id", 222], ["LIMIT", 1]]
D, [2019-02-04T04:56:00.000000 #36159] DEBUG -- :   [1m[35m (0.4ms)[0m  [1m[35mCOMMIT[0m
D, [2019-01-01T03:00:00.000000 #36159] DEBUG -- :   [1m[35m (0.5ms)[0m  [1m[35mBEGIN[0m
D, [2019-01-01T03:00:00.000000 #36159] DEBUG -- :   [1m[36m Load (0.6ms)[0m  [1m[34mSELECT  "users".* FROM "users" WHERE "users"."ext_id" = $1 AND "users"."ext_project_id" = $2 LIMIT $3 FOR NO KEY UPDATE[0m  [["ext_id", 222], ["ext_project_id", 333], ["LIMIT", 1]]
D, [2019-01-01T03:00:00.000000 #36159] DEBUG -- :   [1m[36m#<Class:0x00007f89d7acf608> Create (0.6ms)[0m  [1m[32mINSERT INTO "users" ("id", "name", "email", "ext_id", "ext_project_id", "version", "first_sync_time") VALUES ($1, $2, $3, $4, $5, $6, $7) RETURNING "id"[0m  [["id", 1], ["name", "test3"], ["email", "mail3"], ["ext_id", 222], ["ext_project_id", 333], ["version", "124.0"], ["first_sync_time", "2019-01-01 00:00:00"]]
D, [2019-01-01T03:00:00.000000 #36159] DEBUG -- :   [1m[35m (0.4ms)[0m  [1m[35mCOMMIT[0m
D, [2019-02-04T04:56:00.000000 #36159] DEBUG -- :   [1m[35m (0.1ms)[0m  [1m[35mBEGIN[0m
D, [2019-02-04T04:56:00.000000 #36159] DEBUG -- :   [1m[36m Load (0.5ms)[0m  [1m[34mSELECT  "clients".* FROM "clients" WHERE "clients"."ext_id" = $1 AND "clients"."ext_project_id" = $2 LIMIT $3 FOR NO KEY UPDATE[0m  [["ext_id", 222], ["ext_project_id", 222], ["LIMIT", 1]]
D, [2019-02-04T04:56:00.000000 #36159] DEBUG -- :   [1m[36m#<Class:0x00007f89d73c6320> Update (0.4ms)[0m  [1m[33mUPDATE "clients" SET "ts_version" = $1, "name" = $2 WHERE "clients"."" IS NULL[0m  [["ts_version", "124.0"], ["name", "test2"]]
D, [2019-02-04T04:56:00.000000 #36159] DEBUG -- :   [1m[35m (0.1ms)[0m  [1m[31mROLLBACK[0m
D, [2019-01-01T03:00:00.000000 #36159] DEBUG -- :   [1m[35m (0.2ms)[0m  [1m[35mBEGIN[0m
D, [2019-01-01T03:00:00.000000 #36159] DEBUG -- :   [1m[36m Load (0.5ms)[0m  [1m[34mSELECT  "users".* FROM "users" WHERE "users"."ext_id" = $1 AND "users"."ext_project_id" = $2 LIMIT $3 FOR NO KEY UPDATE[0m  [["ext_id", 222], ["ext_project_id", 333], ["LIMIT", 1]]
D, [2019-01-01T03:00:00.000000 #36159] DEBUG -- :   [1m[36m#<Class:0x00007f89d73d8d40> Create (0.6ms)[0m  [1m[32mINSERT INTO "users" ("id", "name", "email", "ext_id", "ext_project_id", "version", "first_sync_time") VALUES ($1, $2, $3, $4, $5, $6, $7) RETURNING "id"[0m  [["id", 1], ["name", "test3"], ["email", "mail3"], ["ext_id", 222], ["ext_project_id", 333], ["version", "124.0"], ["first_sync_time", "2019-01-01 00:00:00"]]
D, [2019-01-01T03:00:00.000000 #36159] DEBUG -- :   [1m[35m (0.7ms)[0m  [1m[35mCOMMIT[0m
D, [2019-02-04T04:56:00.000000 #36159] DEBUG -- :   [1m[35m (0.1ms)[0m  [1m[35mBEGIN[0m
D, [2019-02-04T04:56:00.000000 #36159] DEBUG -- :   [1m[36m Load (0.4ms)[0m  [1m[34mSELECT  "users".* FROM "users" WHERE "users"."ext_id" = $1 AND "users"."ext_project_id" = $2 LIMIT $3 FOR NO KEY UPDATE[0m  [["ext_id", 222], ["ext_project_id", 333], ["LIMIT", 1]]
D, [2019-02-04T04:56:00.000000 #36159] DEBUG -- :   [1m[36m#<Class:0x00007f89d73d8d40> Update (0.6ms)[0m  [1m[33mUPDATE "users" SET "version" = $1, "name" = $2 WHERE "users"."id" = $3[0m  [["version", "125.0"], ["name", "test4"], ["id", 1]]
D, [2019-02-04T04:56:00.000000 #36159] DEBUG -- :   [1m[35m (0.4ms)[0m  [1m[35mCOMMIT[0m
D, [2019-01-01T03:00:00.000000 #36159] DEBUG -- :   [1m[35m (0.4ms)[0m  [1m[35mBEGIN[0m
D, [2019-01-01T03:00:00.000000 #36159] DEBUG -- :   [1m[36m Load (0.6ms)[0m  [1m[34mSELECT  "users".* FROM "users" WHERE "users"."ext_id" = $1 AND "users"."ext_project_id" = $2 LIMIT $3 FOR NO KEY UPDATE[0m  [["ext_id", 222], ["ext_project_id", 333], ["LIMIT", 1]]
D, [2019-01-01T03:00:00.000000 #36159] DEBUG -- :   [1m[36m#<Class:0x00007f89d6aecec0> Create (0.7ms)[0m  [1m[32mINSERT INTO "users" ("id", "name", "email", "ext_id", "ext_project_id", "version", "first_sync_time") VALUES ($1, $2, $3, $4, $5, $6, $7) RETURNING "id"[0m  [["id", 1], ["name", "test3"], ["email", "mail3"], ["ext_id", 222], ["ext_project_id", 333], ["version", "124.0"], ["first_sync_time", "2019-01-01 00:00:00"]]
D, [2019-01-01T03:00:00.000000 #36159] DEBUG -- :   [1m[35m (0.6ms)[0m  [1m[35mCOMMIT[0m
D, [2019-02-04T04:56:00.000000 #36159] DEBUG -- :   [1m[35m (0.2ms)[0m  [1m[35mBEGIN[0m
D, [2019-02-04T04:56:00.000000 #36159] DEBUG -- :   [1m[36m Load (0.5ms)[0m  [1m[34mSELECT  "clients".* FROM "clients" WHERE "clients"."client_id" = $1 AND "clients"."project_id" = $2 LIMIT $3 FOR NO KEY UPDATE[0m  [["client_id", 222], ["project_id", 222], ["LIMIT", 1]]
D, [2019-02-04T04:56:00.000000 #36159] DEBUG -- :   [1m[36m#<Class:0x00007f89d6c8a908> Update (0.4ms)[0m  [1m[33mUPDATE "clients" SET "ts_version" = $1, "name" = $2 WHERE "clients"."" IS NULL[0m  [["ts_version", "124.0"], ["name", "test2"]]
D, [2019-02-04T04:56:00.000000 #36159] DEBUG -- :   [1m[35m (0.1ms)[0m  [1m[31mROLLBACK[0m
D, [2019-01-01T03:00:00.000000 #36159] DEBUG -- :   [1m[35m (0.2ms)[0m  [1m[35mBEGIN[0m
D, [2019-01-01T03:00:00.000000 #36159] DEBUG -- :   [1m[36m Load (0.5ms)[0m  [1m[34mSELECT  "users".* FROM "users" WHERE "users"."ext_id" = $1 AND "users"."ext_project_id" = $2 LIMIT $3 FOR NO KEY UPDATE[0m  [["ext_id", 222], ["ext_project_id", 333], ["LIMIT", 1]]
D, [2019-01-01T03:00:00.000000 #36159] DEBUG -- :   [1m[36m#<Class:0x00007f89d6c7d780> Create (0.7ms)[0m  [1m[32mINSERT INTO "users" ("id", "name", "email", "ext_id", "ext_project_id", "version", "first_sync_time") VALUES ($1, $2, $3, $4, $5, $6, $7) RETURNING "id"[0m  [["id", 1], ["name", "test3"], ["email", "mail3"], ["ext_id", 222], ["ext_project_id", 333], ["version", "124.0"], ["first_sync_time", "2019-01-01 00:00:00"]]
D, [2019-01-01T03:00:00.000000 #36159] DEBUG -- :   [1m[35m (0.3ms)[0m  [1m[35mCOMMIT[0m
D, [2019-02-04T04:56:00.000000 #36159] DEBUG -- :   [1m[35m (0.1ms)[0m  [1m[35mBEGIN[0m
D, [2019-02-04T04:56:00.000000 #36159] DEBUG -- :   [1m[36m Load (0.4ms)[0m  [1m[34mSELECT  "clients".* FROM "clients" WHERE "clients"."ext_id" = $1 AND "clients"."ext_project_id" = $2 LIMIT $3 FOR NO KEY UPDATE[0m  [["ext_id", 222], ["ext_project_id", 222], ["LIMIT", 1]]
D, [2019-02-04T04:56:00.000000 #36159] DEBUG -- :   [1m[36m#<Class:0x00007f89d7b21778> Update (0.4ms)[0m  [1m[33mUPDATE "clients" SET "ts_version" = $1, "name" = $2, "client_id" = $3, "project_id" = $4 WHERE "clients"."" IS NULL[0m  [["ts_version", "124.0"], ["name", "test2"], ["client_id", 333], ["project_id", 333]]
D, [2019-02-04T04:56:00.000000 #36159] DEBUG -- :   [1m[35m (0.1ms)[0m  [1m[31mROLLBACK[0m
D, [2019-01-01T03:00:00.000000 #36159] DEBUG -- :   [1m[35m (0.2ms)[0m  [1m[35mBEGIN[0m
D, [2019-01-01T03:00:00.000000 #36159] DEBUG -- :   [1m[36m Load (0.9ms)[0m  [1m[34mSELECT  "users".* FROM "users" WHERE "users"."ext_id" = $1 AND "users"."ext_project_id" = $2 LIMIT $3 FOR NO KEY UPDATE[0m  [["ext_id", 222], ["ext_project_id", 333], ["LIMIT", 1]]
D, [2019-01-01T03:00:00.000000 #36159] DEBUG -- :   [1m[36m#<Class:0x00007f89d72934d0> Create (0.7ms)[0m  [1m[32mINSERT INTO "users" ("id", "name", "email", "ext_id", "ext_project_id", "version", "first_sync_time") VALUES ($1, $2, $3, $4, $5, $6, $7) RETURNING "id"[0m  [["id", 1], ["name", "test3"], ["email", "mail3"], ["ext_id", 222], ["ext_project_id", 333], ["version", "124.0"], ["first_sync_time", "2019-01-01 00:00:00"]]
D, [2019-01-01T03:00:00.000000 #36159] DEBUG -- :   [1m[35m (0.6ms)[0m  [1m[35mCOMMIT[0m
D, [2019-01-01T03:00:00.000000 #36159] DEBUG -- :   [1m[35m (0.2ms)[0m  [1m[35mBEGIN[0m
D, [2019-01-01T03:00:00.000000 #36159] DEBUG -- :   [1m[36m Load (0.9ms)[0m  [1m[34mSELECT  "clients".* FROM "clients" WHERE "clients"."ext_id" = $1 AND "clients"."ext_project_id" = $2 LIMIT $3 FOR NO KEY UPDATE[0m  [["ext_id", 1], ["ext_project_id", 1], ["LIMIT", 1]]
D, [2019-01-01T03:00:00.000000 #36159] DEBUG -- :   [1m[36m#<Class:0x00007f89d82b7c30> Create (0.6ms)[0m  [1m[32mINSERT INTO "clients" ("client_id", "project_id", "name", "ext_id", "ext_project_id", "ts_version", "ts_rest") VALUES ($1, $2, $3, $4, $5, $6, $7)[0m  [["client_id", 1], ["project_id", 1], ["name", "test"], ["ext_id", 1], ["ext_project_id", 1], ["ts_version", "1.0"], ["ts_rest", "{\"a\":1}"]]
D, [2019-01-01T03:00:00.000000 #36159] DEBUG -- :   [1m[36m Load (0.4ms)[0m  [1m[34mSELECT  "clients".* FROM "clients" WHERE "clients"."ext_id" = $1 AND "clients"."ext_project_id" = $2 LIMIT $3 FOR NO KEY UPDATE[0m  [["ext_id", 2], ["ext_project_id", 1], ["LIMIT", 1]]
D, [2019-01-01T03:00:00.000000 #36159] DEBUG -- :   [1m[36m#<Class:0x00007f89d82b7c30> Create (0.2ms)[0m  [1m[32mINSERT INTO "clients" ("client_id", "project_id", "name", "ext_id", "ext_project_id", "ts_version", "ts_rest") VALUES ($1, $2, $3, $4, $5, $6, $7)[0m  [["client_id", 2], ["project_id", 1], ["name", "test2"], ["ext_id", 2], ["ext_project_id", 1], ["ts_version", "1.0"], ["ts_rest", "{\"a\":2}"]]
D, [2019-01-01T03:00:00.000000 #36159] DEBUG -- :   [1m[35m (1.0ms)[0m  [1m[35mCOMMIT[0m
D, [2019-02-04T04:56:00.000000 #36321] DEBUG -- :   [1m[35m (6.9ms)[0m  [1m[34mSELECT kcu.column_name
FROM INFORMATION_SCHEMA.TABLES t
LEFT JOIN INFORMATION_SCHEMA.TABLE_CONSTRAINTS tc
  ON tc.table_catalog = t.table_catalog
  AND tc.table_schema = t.table_schema
  AND tc.table_name = t.table_name
  AND tc.constraint_type = 'PRIMARY KEY'
LEFT JOIN INFORMATION_SCHEMA.KEY_COLUMN_USAGE kcu
  ON kcu.table_catalog = tc.table_catalog
  AND kcu.table_schema = tc.table_schema
  AND kcu.table_name = tc.table_name
  AND kcu.constraint_name = tc.constraint_name
WHERE
  t.table_schema NOT IN ('pg_catalog', 'information_schema')
  AND t.table_schema = 'public'
  AND t.table_name = 'players'
ORDER BY
  kcu.ordinal_position
[0m
D, [2019-02-04T04:56:00.000000 #36321] DEBUG -- :   [1m[35m (3.2ms)[0m  [1m[34mSELECT kcu.column_name
FROM INFORMATION_SCHEMA.TABLES t
LEFT JOIN INFORMATION_SCHEMA.TABLE_CONSTRAINTS tc
  ON tc.table_catalog = t.table_catalog
  AND tc.table_schema = t.table_schema
  AND tc.table_name = t.table_name
  AND tc.constraint_type = 'PRIMARY KEY'
LEFT JOIN INFORMATION_SCHEMA.KEY_COLUMN_USAGE kcu
  ON kcu.table_catalog = tc.table_catalog
  AND kcu.table_schema = tc.table_schema
  AND kcu.table_name = tc.table_name
  AND kcu.constraint_name = tc.constraint_name
WHERE
  t.table_schema NOT IN ('pg_catalog', 'information_schema')
  AND t.table_schema = 'public'
  AND t.table_name = 'clients'
ORDER BY
  kcu.ordinal_position
[0m
D, [2019-02-04T04:56:00.000000 #36321] DEBUG -- :   [1m[35m (0.1ms)[0m  [1m[35mBEGIN[0m
D, [2019-02-04T04:56:00.000000 #36321] DEBUG -- :   [1m[36m Load (0.5ms)[0m  [1m[34mSELECT  "clients".* FROM "clients" WHERE "clients"."ext_id" = $1 AND "clients"."ext_project_id" = $2 LIMIT $3 FOR NO KEY UPDATE[0m  [["ext_id", 1], ["ext_project_id", 1], ["LIMIT", 1]]
D, [2019-02-04T04:56:00.000000 #36321] DEBUG -- :   [1m[36m#<Class:0x00007f838fc86530> Create (0.6ms)[0m  [1m[32mINSERT INTO "clients" ("name", "ext_id", "ext_project_id", "ts_version", "ts_rest") VALUES ($1, $2, $3, $4, $5)[0m  [["name", "test"], ["ext_id", 1], ["ext_project_id", 1], ["ts_version", "1.0"], ["ts_rest", "{\"a\":1}"]]
D, [2019-02-04T04:56:00.000000 #36321] DEBUG -- :   [1m[35m (0.2ms)[0m  [1m[31mROLLBACK[0m
D, [2019-02-04T04:56:00.000000 #36321] DEBUG -- :   [1m[35m (0.2ms)[0m  [1m[35mBEGIN[0m
D, [2019-02-04T04:56:00.000000 #36321] DEBUG -- :   [1m[36m Load (0.5ms)[0m  [1m[34mSELECT  "clients".* FROM "clients" WHERE "clients"."ext_id" = $1 AND "clients"."ext_project_id" = $2 LIMIT $3 FOR NO KEY UPDATE[0m  [["ext_id", 1], ["ext_project_id", 1], ["LIMIT", 1]]
D, [2019-02-04T04:56:00.000000 #36321] DEBUG -- :   [1m[36m#<Class:0x00007f839044ae88> Create (0.6ms)[0m  [1m[32mINSERT INTO "clients" ("client_id", "project_id", "name", "ext_id", "ext_project_id", "ts_version", "ts_rest") VALUES ($1, $2, $3, $4, $5, $6, $7)[0m  [["client_id", 1], ["project_id", 1], ["name", "test"], ["ext_id", 1], ["ext_project_id", 1], ["ts_version", "1.0"], ["ts_rest", "{\"a\":1}"]]
D, [2019-02-04T04:56:00.000000 #36321] DEBUG -- :   [1m[35m (0.4ms)[0m  [1m[35mCOMMIT[0m
D, [2019-01-01T03:00:00.000000 #36321] DEBUG -- :   [1m[35m (0.2ms)[0m  [1m[35mBEGIN[0m
D, [2019-01-01T03:00:00.000000 #36321] DEBUG -- :   [1m[36m Load (0.3ms)[0m  [1m[34mSELECT  "users".* FROM "users" WHERE "users"."ext_id" = $1 AND "users"."ext_project_id" = $2 LIMIT $3 FOR NO KEY UPDATE[0m  [["ext_id", 222], ["ext_project_id", 333], ["LIMIT", 1]]
D, [2019-01-01T03:00:00.000000 #36321] DEBUG -- :   [1m[36m#<Class:0x00007f838fd1ba18> Create (0.6ms)[0m  [1m[32mINSERT INTO "users" ("id", "name", "email", "ext_id", "ext_project_id", "version", "first_sync_time") VALUES ($1, $2, $3, $4, $5, $6, $7) RETURNING "id"[0m  [["id", 1], ["name", "test3"], ["email", "mail3"], ["ext_id", 222], ["ext_project_id", 333], ["version", "124.0"], ["first_sync_time", "2019-01-01 00:00:00"]]
D, [2019-01-01T03:00:00.000000 #36321] DEBUG -- :   [1m[35m (0.6ms)[0m  [1m[35mCOMMIT[0m
D, [2019-01-01T03:00:00.000000 #36321] DEBUG -- :   [1m[35m (0.2ms)[0m  [1m[35mBEGIN[0m
D, [2019-01-01T03:00:00.000000 #36321] DEBUG -- :   [1m[36m Load (0.4ms)[0m  [1m[34mSELECT  "clients".* FROM "clients" WHERE "clients"."ext_id" = $1 AND "clients"."ext_project_id" = $2 LIMIT $3 FOR NO KEY UPDATE[0m  [["ext_id", 1], ["ext_project_id", 1], ["LIMIT", 1]]
D, [2019-01-01T03:00:00.000000 #36321] DEBUG -- :   [1m[36m#<Class:0x00007f839112af40> Create (0.7ms)[0m  [1m[32mINSERT INTO "clients" ("client_id", "project_id", "name", "ext_id", "ext_project_id", "ts_version", "ts_rest") VALUES ($1, $2, $3, $4, $5, $6, $7)[0m  [["client_id", 1], ["project_id", 1], ["name", "test"], ["ext_id", 1], ["ext_project_id", 1], ["ts_version", "1.0"], ["ts_rest", "{\"a\":1}"]]
D, [2019-01-01T03:00:00.000000 #36321] DEBUG -- :   [1m[36m Load (0.8ms)[0m  [1m[34mSELECT  "clients".* FROM "clients" WHERE "clients"."ext_id" = $1 AND "clients"."ext_project_id" = $2 LIMIT $3 FOR NO KEY UPDATE[0m  [["ext_id", 2], ["ext_project_id", 1], ["LIMIT", 1]]
D, [2019-01-01T03:00:00.000000 #36321] DEBUG -- :   [1m[36m#<Class:0x00007f839112af40> Create (0.4ms)[0m  [1m[32mINSERT INTO "clients" ("client_id", "project_id", "name", "ext_id", "ext_project_id", "ts_version", "ts_rest") VALUES ($1, $2, $3, $4, $5, $6, $7)[0m  [["client_id", 2], ["project_id", 1], ["name", "test2"], ["ext_id", 2], ["ext_project_id", 1], ["ts_version", "1.0"], ["ts_rest", "{\"a\":2}"]]
D, [2019-01-01T03:00:00.000000 #36321] DEBUG -- :   [1m[35m (0.6ms)[0m  [1m[35mCOMMIT[0m
D, [2019-01-01T03:00:00.000000 #36321] DEBUG -- :   [1m[35m (0.2ms)[0m  [1m[35mBEGIN[0m
D, [2019-01-01T03:00:00.000000 #36321] DEBUG -- :   [1m[36m Load (0.5ms)[0m  [1m[34mSELECT  "users".* FROM "users" WHERE "users"."ext_id" = $1 AND "users"."ext_project_id" = $2 LIMIT $3 FOR NO KEY UPDATE[0m  [["ext_id", 222], ["ext_project_id", 333], ["LIMIT", 1]]
D, [2019-01-01T03:00:00.000000 #36321] DEBUG -- :   [1m[36m#<Class:0x00007f8391232820> Create (1.1ms)[0m  [1m[32mINSERT INTO "users" ("id", "name", "email", "ext_id", "ext_project_id", "version", "first_sync_time") VALUES ($1, $2, $3, $4, $5, $6, $7) RETURNING "id"[0m  [["id", 1], ["name", "test3"], ["email", "mail3"], ["ext_id", 222], ["ext_project_id", 333], ["version", "124.0"], ["first_sync_time", "2019-01-01 00:00:00"]]
D, [2019-01-01T03:00:00.000000 #36321] DEBUG -- :   [1m[35m (0.6ms)[0m  [1m[35mCOMMIT[0m
D, [2019-02-04T04:56:00.000000 #36321] DEBUG -- :   [1m[35m (0.1ms)[0m  [1m[35mBEGIN[0m
D, [2019-02-04T04:56:00.000000 #36321] DEBUG -- :   [1m[36m Load (0.8ms)[0m  [1m[34mSELECT  "clients".* FROM "clients" WHERE "clients"."client_id" = $1 AND "clients"."project_id" = $2 LIMIT $3 FOR NO KEY UPDATE[0m  [["client_id", 222], ["project_id", 222], ["LIMIT", 1]]
D, [2019-02-04T04:56:00.000000 #36321] DEBUG -- :   [1m[36m#<Class:0x00007f8390380b88> Update (0.6ms)[0m  [1m[33mUPDATE "clients" SET "ts_version" = $1, "name" = $2 WHERE "clients"."" IS NULL[0m  [["ts_version", "124.0"], ["name", "test2"]]
D, [2019-02-04T04:56:00.000000 #36321] DEBUG -- :   [1m[35m (0.1ms)[0m  [1m[31mROLLBACK[0m
D, [2019-01-01T03:00:00.000000 #36321] DEBUG -- :   [1m[35m (0.2ms)[0m  [1m[35mBEGIN[0m
D, [2019-01-01T03:00:00.000000 #36321] DEBUG -- :   [1m[36m Load (0.6ms)[0m  [1m[34mSELECT  "users".* FROM "users" WHERE "users"."ext_id" = $1 AND "users"."ext_project_id" = $2 LIMIT $3 FOR NO KEY UPDATE[0m  [["ext_id", 222], ["ext_project_id", 333], ["LIMIT", 1]]
D, [2019-01-01T03:00:00.000000 #36321] DEBUG -- :   [1m[36m#<Class:0x00007f8390a325f8> Create (0.7ms)[0m  [1m[32mINSERT INTO "users" ("id", "name", "email", "ext_id", "ext_project_id", "version", "first_sync_time") VALUES ($1, $2, $3, $4, $5, $6, $7) RETURNING "id"[0m  [["id", 1], ["name", "test3"], ["email", "mail3"], ["ext_id", 222], ["ext_project_id", 333], ["version", "124.0"], ["first_sync_time", "2019-01-01 00:00:00"]]
D, [2019-01-01T03:00:00.000000 #36321] DEBUG -- :   [1m[35m (0.6ms)[0m  [1m[35mCOMMIT[0m
D, [2019-02-04T04:56:00.000000 #36321] DEBUG -- :   [1m[35m (0.2ms)[0m  [1m[35mBEGIN[0m
D, [2019-02-04T04:56:00.000000 #36321] DEBUG -- :   [1m[36m Load (0.5ms)[0m  [1m[34mSELECT  "clients".* FROM "clients" WHERE "clients"."ext_id" = $1 AND "clients"."ext_project_id" = $2 LIMIT $3 FOR NO KEY UPDATE[0m  [["ext_id", 222], ["ext_project_id", 222], ["LIMIT", 1]]
D, [2019-02-04T04:56:00.000000 #36321] DEBUG -- :   [1m[36m#<Class:0x00007f83912b2b88> Update (0.4ms)[0m  [1m[33mUPDATE "clients" SET "ts_version" = $1, "name" = $2 WHERE "clients"."" IS NULL[0m  [["ts_version", "124.0"], ["name", "test2"]]
D, [2019-02-04T04:56:00.000000 #36321] DEBUG -- :   [1m[35m (0.1ms)[0m  [1m[31mROLLBACK[0m
D, [2019-01-01T03:00:00.000000 #36321] DEBUG -- :   [1m[35m (0.2ms)[0m  [1m[35mBEGIN[0m
D, [2019-01-01T03:00:00.000000 #36321] DEBUG -- :   [1m[36m Load (0.8ms)[0m  [1m[34mSELECT  "users".* FROM "users" WHERE "users"."ext_id" = $1 AND "users"."ext_project_id" = $2 LIMIT $3 FOR NO KEY UPDATE[0m  [["ext_id", 222], ["ext_project_id", 333], ["LIMIT", 1]]
D, [2019-01-01T03:00:00.000000 #36321] DEBUG -- :   [1m[36m#<Class:0x00007f838fbdf758> Create (1.0ms)[0m  [1m[32mINSERT INTO "users" ("id", "name", "email", "ext_id", "ext_project_id", "version", "first_sync_time") VALUES ($1, $2, $3, $4, $5, $6, $7) RETURNING "id"[0m  [["id", 1], ["name", "test3"], ["email", "mail3"], ["ext_id", 222], ["ext_project_id", 333], ["version", "124.0"], ["first_sync_time", "2019-01-01 00:00:00"]]
D, [2019-01-01T03:00:00.000000 #36321] DEBUG -- :   [1m[35m (1.2ms)[0m  [1m[35mCOMMIT[0m
D, [2019-02-04T04:56:00.000000 #36321] DEBUG -- :   [1m[35m (0.2ms)[0m  [1m[35mBEGIN[0m
D, [2019-02-04T04:56:00.000000 #36321] DEBUG -- :   [1m[36m Load (0.4ms)[0m  [1m[34mSELECT  "clients".* FROM "clients" WHERE "clients"."ext_id" = $1 AND "clients"."ext_project_id" = $2 LIMIT $3 FOR NO KEY UPDATE[0m  [["ext_id", 222], ["ext_project_id", 222], ["LIMIT", 1]]
D, [2019-02-04T04:56:00.000000 #36321] DEBUG -- :   [1m[35m (0.5ms)[0m  [1m[35mCOMMIT[0m
D, [2019-01-01T03:00:00.000000 #36321] DEBUG -- :   [1m[35m (0.2ms)[0m  [1m[35mBEGIN[0m
D, [2019-01-01T03:00:00.000000 #36321] DEBUG -- :   [1m[36m Load (0.5ms)[0m  [1m[34mSELECT  "users".* FROM "users" WHERE "users"."ext_id" = $1 AND "users"."ext_project_id" = $2 LIMIT $3 FOR NO KEY UPDATE[0m  [["ext_id", 222], ["ext_project_id", 333], ["LIMIT", 1]]
D, [2019-01-01T03:00:00.000000 #36321] DEBUG -- :   [1m[36m#<Class:0x00007f839132c168> Create (0.9ms)[0m  [1m[32mINSERT INTO "users" ("id", "name", "email", "ext_id", "ext_project_id", "version", "first_sync_time") VALUES ($1, $2, $3, $4, $5, $6, $7) RETURNING "id"[0m  [["id", 1], ["name", "test3"], ["email", "mail3"], ["ext_id", 222], ["ext_project_id", 333], ["version", "124.0"], ["first_sync_time", "2019-01-01 00:00:00"]]
D, [2019-01-01T03:00:00.000000 #36321] DEBUG -- :   [1m[35m (0.4ms)[0m  [1m[35mCOMMIT[0m
D, [2019-02-04T04:56:00.000000 #36321] DEBUG -- :   [1m[35m (0.1ms)[0m  [1m[35mBEGIN[0m
D, [2019-02-04T04:56:00.000000 #36321] DEBUG -- :   [1m[36m Load (0.4ms)[0m  [1m[34mSELECT  "users".* FROM "users" WHERE "users"."ext_id" = $1 AND "users"."ext_project_id" = $2 LIMIT $3 FOR NO KEY UPDATE[0m  [["ext_id", 222], ["ext_project_id", 333], ["LIMIT", 1]]
D, [2019-02-04T04:56:00.000000 #36321] DEBUG -- :   [1m[36m#<Class:0x00007f839132c168> Update (0.4ms)[0m  [1m[33mUPDATE "users" SET "version" = $1, "name" = $2 WHERE "users"."id" = $3[0m  [["version", "125.0"], ["name", "test4"], ["id", 1]]
D, [2019-02-04T04:56:00.000000 #36321] DEBUG -- :   [1m[35m (0.4ms)[0m  [1m[35mCOMMIT[0m
D, [2019-01-01T03:00:00.000000 #36321] DEBUG -- :   [1m[35m (0.2ms)[0m  [1m[35mBEGIN[0m
D, [2019-01-01T03:00:00.000000 #36321] DEBUG -- :   [1m[36m Load (0.7ms)[0m  [1m[34mSELECT  "users".* FROM "users" WHERE "users"."ext_id" = $1 AND "users"."ext_project_id" = $2 LIMIT $3 FOR NO KEY UPDATE[0m  [["ext_id", 222], ["ext_project_id", 333], ["LIMIT", 1]]
D, [2019-01-01T03:00:00.000000 #36321] DEBUG -- :   [1m[36m#<Class:0x00007f838fd3ad28> Create (0.9ms)[0m  [1m[32mINSERT INTO "users" ("id", "name", "email", "ext_id", "ext_project_id", "version", "first_sync_time") VALUES ($1, $2, $3, $4, $5, $6, $7) RETURNING "id"[0m  [["id", 1], ["name", "test3"], ["email", "mail3"], ["ext_id", 222], ["ext_project_id", 333], ["version", "124.0"], ["first_sync_time", "2019-01-01 00:00:00"]]
D, [2019-01-01T03:00:00.000000 #36321] DEBUG -- :   [1m[35m (0.4ms)[0m  [1m[35mCOMMIT[0m
D, [2019-02-04T04:56:00.000000 #36321] DEBUG -- :   [1m[35m (0.2ms)[0m  [1m[35mBEGIN[0m
D, [2019-02-04T04:56:00.000000 #36321] DEBUG -- :   [1m[36m Load (0.4ms)[0m  [1m[34mSELECT  "clients".* FROM "clients" WHERE "clients"."ext_id" = $1 AND "clients"."ext_project_id" = $2 LIMIT $3 FOR NO KEY UPDATE[0m  [["ext_id", 222], ["ext_project_id", 222], ["LIMIT", 1]]
D, [2019-02-04T04:56:00.000000 #36321] DEBUG -- :   [1m[36m#<Class:0x00007f83909f1440> Update (0.6ms)[0m  [1m[33mUPDATE "clients" SET "ts_version" = $1, "name" = $2, "client_id" = $3, "project_id" = $4 WHERE "clients"."" IS NULL[0m  [["ts_version", "124.0"], ["name", "test2"], ["client_id", 333], ["project_id", 333]]
D, [2019-02-04T04:56:00.000000 #36321] DEBUG -- :   [1m[35m (0.1ms)[0m  [1m[31mROLLBACK[0m
D, [2019-02-04T04:56:00.000000 #36321] DEBUG -- :   [1m[35m (0.2ms)[0m  [1m[35mBEGIN[0m
D, [2019-02-04T04:56:00.000000 #36321] DEBUG -- :   [1m[36m Load (0.5ms)[0m  [1m[34mSELECT  "users".* FROM "users" WHERE "users"."id" = $1 LIMIT $2 FOR NO KEY UPDATE[0m  [["id", 222], ["LIMIT", 1]]
D, [2019-02-04T04:56:00.000000 #36321] DEBUG -- :   [1m[36m#<Class:0x00007f83903e24a0> Update (0.7ms)[0m  [1m[33mUPDATE "users" SET "version" = $1, "name" = $2 WHERE "users"."id" = $3[0m  [["version", "124.0"], ["name", "test3"], ["id", 222]]
D, [2019-02-04T04:56:00.000000 #36321] DEBUG -- :   [1m[35m (1.1ms)[0m  [1m[35mCOMMIT[0m
D, [2019-02-04T04:56:00.000000 #36321] DEBUG -- :   [1m[35m (0.2ms)[0m  [1m[35mBEGIN[0m
D, [2019-02-04T04:56:00.000000 #36321] DEBUG -- :   [1m[36m Load (0.8ms)[0m  [1m[34mSELECT  "users".* FROM "users" WHERE "users"."ext_id" = $1 AND "users"."ext_project_id" = $2 LIMIT $3 FOR NO KEY UPDATE[0m  [["ext_id", 222], ["ext_project_id", 333], ["LIMIT", 1]]
D, [2019-02-04T04:56:00.000000 #36321] DEBUG -- :   [1m[36m#<Class:0x00007f8391326d08> Update (0.4ms)[0m  [1m[33mUPDATE "users" SET "version" = $1, "name" = $2 WHERE "users"."id" = $3[0m  [["version", "124.0"], ["name", "test3"], ["id", 222]]
D, [2019-02-04T04:56:00.000000 #36321] DEBUG -- :   [1m[35m (0.6ms)[0m  [1m[35mCOMMIT[0m
D, [2019-02-04T04:56:00.000000 #36321] DEBUG -- :   [1m[35m (0.1ms)[0m  [1m[35mBEGIN[0m
D, [2019-02-04T04:56:00.000000 #36321] DEBUG -- :   [1m[36m Load (0.4ms)[0m  [1m[34mSELECT  "users".* FROM "users" WHERE "users"."ext_id" = $1 AND "users"."ext_project_id" = $2 LIMIT $3 FOR NO KEY UPDATE[0m  [["ext_id", 222], ["ext_project_id", 333], ["LIMIT", 1]]
D, [2019-02-04T04:56:00.000000 #36321] DEBUG -- :   [1m[35m (0.5ms)[0m  [1m[35mCOMMIT[0m
D, [2019-02-04T04:56:00.000000 #36321] DEBUG -- :   [1m[35m (0.2ms)[0m  [1m[35mBEGIN[0m
D, [2019-02-04T04:56:00.000000 #36321] DEBUG -- :   [1m[36m Load (0.8ms)[0m  [1m[34mSELECT  "users".* FROM "users" WHERE "users"."ext_id" = $1 AND "users"."ext_project_id" = $2 LIMIT $3 FOR NO KEY UPDATE[0m  [["ext_id", 222], ["ext_project_id", 222], ["LIMIT", 1]]
D, [2019-02-04T04:56:00.000000 #36321] DEBUG -- :   [1m[36m#<Class:0x00007f83909b3e60> Create (0.3ms)[0m  [1m[32mINSERT INTO "users" ("id", "name", "email", "ext_id", "ext_project_id", "version") VALUES ($1, $2, $3, $4, $5, $6) RETURNING "id"[0m  [["id", 1], ["name", "test2"], ["email", "mail3"], ["ext_id", 222], ["ext_project_id", 222], ["version", "124.0"]]
D, [2019-02-04T04:56:00.000000 #36321] DEBUG -- :   [1m[36m Load (0.4ms)[0m  [1m[34mSELECT  "users".* FROM "users" WHERE "users"."ext_id" = $1 AND "users"."ext_project_id" = $2 LIMIT $3 FOR NO KEY UPDATE[0m  [["ext_id", 223], ["ext_project_id", 222], ["LIMIT", 1]]
D, [2019-02-04T04:56:00.000000 #36321] DEBUG -- :   [1m[36m#<Class:0x00007f83909b3e60> Create (0.3ms)[0m  [1m[32mINSERT INTO "users" ("id", "name", "email", "ext_id", "ext_project_id", "version") VALUES ($1, $2, $3, $4, $5, $6) RETURNING "id"[0m  [["id", 2], ["name", "test3"], ["email", "mail3"], ["ext_id", 223], ["ext_project_id", 222], ["version", "124.0"]]
D, [2019-02-04T04:56:00.000000 #36321] DEBUG -- :   [1m[35m (0.6ms)[0m  [1m[35mCOMMIT[0m
D, [2019-02-04T04:56:00.000000 #36321] DEBUG -- :   [1m[35m (0.2ms)[0m  [1m[35mBEGIN[0m
D, [2019-02-04T04:56:00.000000 #36321] DEBUG -- :   [1m[36m Load (0.6ms)[0m  [1m[37mSELECT  "clients".* FROM "clients" WHERE "clients"."client_id" = $1 AND "clients"."project_id" = $2 LIMIT $3 FOR UPDATE[0m  [["client_id", 111], ["project_id", 111], ["LIMIT", 1]]
D, [2019-02-04T04:56:00.000000 #36321] DEBUG -- :   [1m[36m#<Class:0x00007f8390a6cd48> Destroy (0.3ms)[0m  [1m[31mDELETE FROM "clients" WHERE "clients"."" IS NULL[0m
D, [2019-02-04T04:56:00.000000 #36321] DEBUG -- :   [1m[35m (0.1ms)[0m  [1m[31mROLLBACK[0m
D, [2019-02-04T04:56:00.000000 #36321] DEBUG -- :   [1m[35m (0.2ms)[0m  [1m[35mBEGIN[0m
D, [2019-02-04T04:56:00.000000 #36321] DEBUG -- :   [1m[36m Load (0.7ms)[0m  [1m[37mSELECT  "players".* FROM "players" WHERE "players"."external_id" = $1 AND "players"."project_id" = $2 LIMIT $3 FOR UPDATE[0m  [["external_id", 222], ["project_id", "pid2"], ["LIMIT", 1]]
D, [2019-02-04T04:56:00.000000 #36321] DEBUG -- :   [1m[36m#<Class:0x00007f838fc25dc0> Destroy (0.3ms)[0m  [1m[31mDELETE FROM "players" WHERE "players"."external_id" = $1[0m  [["external_id", 222]]
D, [2019-02-04T04:56:00.000000 #36321] DEBUG -- :   [1m[35m (0.6ms)[0m  [1m[35mCOMMIT[0m
D, [2019-02-04T04:56:00.000000 #36321] DEBUG -- :   [1m[35m (0.2ms)[0m  [1m[35mBEGIN[0m
D, [2019-02-04T04:56:00.000000 #36321] DEBUG -- :   [1m[36m Load (0.9ms)[0m  [1m[37mSELECT  "items".* FROM "items" WHERE "items"."id" = $1 LIMIT $2 FOR UPDATE[0m  [["id", 1], ["LIMIT", 1]]
D, [2019-02-04T04:56:00.000000 #36321] DEBUG -- :   [1m[36m#<Class:0x00007f839045b350> Destroy (0.3ms)[0m  [1m[31mDELETE FROM "items" WHERE "items"."id" = $1[0m  [["id", 1]]
D, [2019-02-04T04:56:00.000000 #36321] DEBUG -- :   [1m[35m (0.1ms)[0m  [1m[31mROLLBACK[0m
D, [2019-02-04T04:56:00.000000 #36321] DEBUG -- :   [1m[35m (0.1ms)[0m  [1m[35mBEGIN[0m
D, [2019-02-04T04:56:00.000000 #36321] DEBUG -- :   [1m[36m Load (0.5ms)[0m  [1m[37mSELECT  "items".* FROM "items" WHERE "items"."id" = $1 LIMIT $2 FOR UPDATE[0m  [["id", 1], ["LIMIT", 1]]
D, [2019-02-04T04:56:00.000000 #36321] DEBUG -- :   [1m[36m#<Class:0x00007f838fd6cd28> Destroy (0.5ms)[0m  [1m[31mDELETE FROM "items" WHERE "items"."id" = $1[0m  [["id", 1]]
D, [2019-02-04T04:56:00.000000 #36321] DEBUG -- :   [1m[35m (0.6ms)[0m  [1m[35mCOMMIT[0m
