# Logfile created on 2019-06-10 10:49:52 +0300 by logger.rb/66358
I, [2019-06-10T10:49:52.746417 #13430]  INFO -- : (0.105497s) DROP TABLE IF EXISTS "items";
CREATE TABLE "items" (
  "id" bigserial primary key,
  "name" varchar(255) NOT NULL,
  "price" double precision NOT NULL
);

DROP TABLE IF EXISTS "players";
CREATE TABLE "players" (
  "external_id" int primary key,
  "project_id" text,
  "email" varchar(255) NOT NULL,
  "online_status" boolean,
  "version" decimal,
  "rest" jsonb
);

DROP TABLE IF EXISTS "players_part_1";
CREATE TABLE "players_part_1" (like "players" INCLUDING ALL);

DROP TABLE IF EXISTS "clients";
CREATE TABLE "clients" (
  "client_id" int,
  "project_id" int,
  "name" varchar(255) NOT NULL,
  "ext_id" int NOT NULL,
  "ext_project_id" int NOT NULL,
  "ts_version" decimal,
  "ts_rest" jsonb,
  PRIMARY KEY (client_id, project_id),
  UNIQUE (ext_id, ext_project_id)
);

DROP TABLE IF EXISTS "users";
CREATE TABLE "users" (
  "id" int primary key,
  "name" varchar(255) NOT NULL,
  "email" varchar(255) NOT NULL,
  "ext_id" int NOT NULL,
  "ext_project_id" int NOT NULL,
  "version" decimal,
  "rest" jsonb,
  "first_sync_time" timestamp without time zone,
  UNIQUE (ext_id, ext_project_id)
);


